<?xml version="1.0" encoding="UTF-8"?>
<testsuite xmlns:xsi="http://www.w3.org/2001/XMLSchema-instance" xsi:noNamespaceSchemaLocation="https://maven.apache.org/surefire/maven-surefire-plugin/xsd/surefire-test-report.xsd" name="com.mycompany.app.AppTest" time="0.033" tests="5" errors="0" skipped="0" failures="2">
  <properties>
    <property name="java.specification.version" value="17"/>
    <property name="sun.jnu.encoding" value="UTF-8"/>
    <property name="java.class.path" value="/home/ubuntu-unix/Ioannis_ws/FormationM2i/GitRep/projet-maven/target/test-classes:/home/ubuntu-unix/Ioannis_ws/FormationM2i/GitRep/projet-maven/target/classes:/home/ubuntu-unix/.m2/repository/junit/junit/4.11/junit-4.11.jar:/home/ubuntu-unix/.m2/repository/org/hamcrest/hamcrest-core/1.3/hamcrest-core-1.3.jar:"/>
    <property name="java.vm.vendor" value="Ubuntu"/>
    <property name="sun.arch.data.model" value="64"/>
    <property name="java.vendor.url" value="https://ubuntu.com/"/>
    <property name="os.name" value="Linux"/>
    <property name="java.vm.specification.version" value="17"/>
    <property name="sun.java.launcher" value="SUN_STANDARD"/>
    <property name="user.country" value="US"/>
    <property name="sun.boot.library.path" value="/usr/lib/jvm/java-17-openjdk-amd64/lib"/>
    <property name="sun.java.command" value="/home/ubuntu-unix/Ioannis_ws/FormationM2i/GitRep/projet-maven/target/surefire/surefirebooter3620710951609528787.jar /home/ubuntu-unix/Ioannis_ws/FormationM2i/GitRep/projet-maven/target/surefire 2024-06-11T14-27-04_667-jvmRun1 surefire5082868461242400896tmp surefire_018141462456909694617tmp"/>
    <property name="jdk.debug" value="release"/>
    <property name="surefire.test.class.path" value="/home/ubuntu-unix/Ioannis_ws/FormationM2i/GitRep/projet-maven/target/test-classes:/home/ubuntu-unix/Ioannis_ws/FormationM2i/GitRep/projet-maven/target/classes:/home/ubuntu-unix/.m2/repository/junit/junit/4.11/junit-4.11.jar:/home/ubuntu-unix/.m2/repository/org/hamcrest/hamcrest-core/1.3/hamcrest-core-1.3.jar:"/>
    <property name="sun.cpu.endian" value="little"/>
    <property name="user.home" value="/home/ubuntu-unix"/>
    <property name="user.language" value="en"/>
    <property name="java.specification.vendor" value="Oracle Corporation"/>
    <property name="java.version.date" value="2024-04-16"/>
    <property name="java.home" value="/usr/lib/jvm/java-17-openjdk-amd64"/>
    <property name="file.separator" value="/"/>
    <property name="basedir" value="/home/ubuntu-unix/Ioannis_ws/FormationM2i/GitRep/projet-maven"/>
    <property name="java.vm.compressedOopsMode" value="32-bit"/>
    <property name="line.separator" value="&#10;"/>
    <property name="java.vm.specification.vendor" value="Oracle Corporation"/>
    <property name="java.specification.name" value="Java Platform API Specification"/>
    <property name="surefire.real.class.path" value="/home/ubuntu-unix/Ioannis_ws/FormationM2i/GitRep/projet-maven/target/surefire/surefirebooter3620710951609528787.jar"/>
    <property name="sun.management.compiler" value="HotSpot 64-Bit Tiered Compilers"/>
    <property name="java.runtime.version" value="17.0.11+9-Ubuntu-122.04.1"/>
    <property name="user.name" value="ubuntu-unix"/>
    <property name="path.separator" value=":"/>
    <property name="os.version" value="5.15.146.1-microsoft-standard-WSL2"/>
    <property name="java.runtime.name" value="OpenJDK Runtime Environment"/>
    <property name="file.encoding" value="UTF-8"/>
    <property name="java.vm.name" value="OpenJDK 64-Bit Server VM"/>
    <property name="localRepository" value="/home/ubuntu-unix/.m2/repository"/>
    <property name="java.vendor.url.bug" value="https://bugs.launchpad.net/ubuntu/+source/openjdk-17"/>
    <property name="java.io.tmpdir" value="/tmp"/>
    <property name="java.version" value="17.0.11"/>
    <property name="user.dir" value="/home/ubuntu-unix/Ioannis_ws/FormationM2i/GitRep/projet-maven"/>
    <property name="os.arch" value="amd64"/>
    <property name="java.vm.specification.name" value="Java Virtual Machine Specification"/>
    <property name="native.encoding" value="UTF-8"/>
    <property name="java.library.path" value="/usr/java/packages/lib:/usr/lib/x86_64-linux-gnu/jni:/lib/x86_64-linux-gnu:/usr/lib/x86_64-linux-gnu:/usr/lib/jni:/lib:/usr/lib"/>
    <property name="java.vm.info" value="mixed mode, sharing"/>
    <property name="java.vendor" value="Ubuntu"/>
    <property name="java.vm.version" value="17.0.11+9-Ubuntu-122.04.1"/>
    <property name="sun.io.unicode.encoding" value="UnicodeLittle"/>
    <property name="java.class.version" value="61.0"/>
  </properties>
  <testcase name="shouldAnswerWithTrue" classname="com.mycompany.app.AppTest" time="0.001"/>
  <testcase name="shouldAnswerWithTrue1" classname="com.mycompany.app.AppTest" time="0.003">
    <failure type="java.lang.AssertionError">java.lang.AssertionError
	at com.mycompany.app.AppTest.shouldAnswerWithTrue1(AppTest.java:23)
</failure>
  </testcase>
  <testcase name="shouldAnswerWithTrue2" classname="com.mycompany.app.AppTest" time="0"/>
  <testcase name="shouldAnswerWithTrue3" classname="com.mycompany.app.AppTest" time="0.001">
    <failure type="java.lang.AssertionError">java.lang.AssertionError
	at com.mycompany.app.AppTest.shouldAnswerWithTrue3(AppTest.java:35)
</failure>
  </testcase>
  <testcase name="shouldAnswerWithTrue4" classname="com.mycompany.app.AppTest" time="0.002"/>
</testsuite>